f:\libarary\library-management\library-management\x64\debug\vc140.pdb
f:\libarary\library-management\library-management\x64\debug\qrc_librarymanagement.obj
f:\libarary\library-management\library-management\x64\debug\main.obj
f:\libarary\library-management\library-management\x64\debug\librarymanagement.obj
f:\libarary\library-management\library-management\x64\debug\moc_login.obj
f:\libarary\library-management\library-management\x64\debug\moc_librarymanagement.obj
f:\libarary\library-management\library-management\x64\debug\login.obj
f:\libarary\library-management\library-management\x64\debug\searchbook.obj
f:\libarary\library-management\library-management\x64\debug\returnbook.obj
f:\libarary\library-management\library-management\x64\debug\moc_searchbook.obj
f:\libarary\library-management\library-management\x64\debug\moc_returnbook.obj
f:\libarary\library-management\library-management\x64\debug\moc_card.obj
f:\libarary\library-management\library-management\x64\debug\moc_borrowbook.obj
f:\libarary\library-management\library-management\x64\debug\card.obj
f:\libarary\library-management\library-management\x64\debug\borrowbook.obj
f:\libarary\library-management\library-management\x64\debug\addbook.obj
f:\libarary\library-management\library-management\x64\debug\moc_singleadd.obj
f:\libarary\library-management\library-management\x64\debug\moc_addbook.obj
f:\libarary\library-management\library-management\x64\debug\singleadd.obj
f:\libarary\library-management\library-management\x64\debug\multyadd.obj
f:\libarary\library-management\library-management\x64\debug\moc_multyadd.obj
f:\libarary\library-management\library-management\x64\debug\addcard.obj
f:\libarary\library-management\library-management\x64\debug\moc_addcard.obj
f:\libarary\library-management\library-management\generatedfiles\qrc_librarymanagement.cpp
f:\libarary\library-management\library-management\generatedfiles\debug\moc_login.cpp
f:\libarary\library-management\library-management\generatedfiles\ui_login.h
f:\libarary\library-management\library-management\generatedfiles\ui_librarymanagement.h
f:\libarary\library-management\library-management\generatedfiles\debug\moc_returnbook.cpp
f:\libarary\library-management\library-management\generatedfiles\ui_returnbook.h
f:\libarary\library-management\library-management\generatedfiles\ui_addbook.h
f:\libarary\library-management\library-management\generatedfiles\ui_singleadd.h
f:\libarary\library-management\library-management\generatedfiles\debug\moc_singleadd.cpp
f:\libarary\library-management\library-management\generatedfiles\debug\moc_librarymanagement.cpp
f:\libarary\library-management\library-management\generatedfiles\debug\moc_addbook.cpp
f:\libarary\library-management\library-management\generatedfiles\ui_multyadd.h
f:\libarary\library-management\library-management\generatedfiles\debug\moc_multyadd.cpp
f:\libarary\library-management\library-management\generatedfiles\ui_searchbook.h
f:\libarary\library-management\library-management\generatedfiles\debug\moc_searchbook.cpp
f:\libarary\library-management\library-management\generatedfiles\ui_addcard.h
f:\libarary\library-management\library-management\generatedfiles\debug\moc_addcard.cpp
f:\libarary\library-management\library-management\generatedfiles\debug\moc_card.cpp
f:\libarary\library-management\library-management\generatedfiles\ui_card.h
f:\libarary\library-management\library-management\generatedfiles\ui_borrowbook.h
f:\libarary\library-management\library-management\generatedfiles\debug\moc_borrowbook.cpp
f:\libarary\library-management\x64\debug\library-management.ilk
f:\libarary\library-management\x64\debug\library-management.exe
f:\libarary\library-management\x64\debug\library-management.pdb
f:\libarary\library-management\library-management\x64\debug\library-.b12702ad.tlog\cl.command.1.tlog
f:\libarary\library-management\library-management\x64\debug\library-.b12702ad.tlog\cl.read.1.tlog
f:\libarary\library-management\library-management\x64\debug\library-.b12702ad.tlog\cl.write.1.tlog
f:\libarary\library-management\library-management\x64\debug\library-.b12702ad.tlog\custombuild.command.1.tlog
f:\libarary\library-management\library-management\x64\debug\library-.b12702ad.tlog\custombuild.read.1.tlog
f:\libarary\library-management\library-management\x64\debug\library-.b12702ad.tlog\custombuild.write.1.tlog
f:\libarary\library-management\library-management\x64\debug\library-.b12702ad.tlog\link.command.1.tlog
f:\libarary\library-management\library-management\x64\debug\library-.b12702ad.tlog\link.read.1.tlog
f:\libarary\library-management\library-management\x64\debug\library-.b12702ad.tlog\link.write.1.tlog
