  Moc'ing librarymanagement.h...
  Uic'ing librarymanagement.ui...
  Moc'ing addcard.h...
  Moc'ing multyadd.h...
  Moc'ing singleadd.h...
  Moc'ing card.h...
  Moc'ing borrowbook.h...
  Moc'ing searchbook.h...
  Moc'ing addbook.h...
  Moc'ing login.h...
  Rcc'ing librarymanagement.qrc...
RCC : warning : No resources in 'F:\libarary\library-management\library-management\librarymanagement.qrc'.
  
  Uic'ing login.ui...
  Uic'ing addbook.ui...
  Uic'ing searchbook.ui...
  Uic'ing borrowbook.ui...
  Uic'ing card.ui...
  Uic'ing singleadd.ui...
  Uic'ing multyadd.ui...
  Uic'ing addcard.ui...
  addbook.cpp
  addcard.cpp
  borrowbook.cpp
  card.cpp
  moc_addbook.cpp
  moc_addcard.cpp
  moc_borrowbook.cpp
  moc_card.cpp
  moc_librarymanagement.cpp
  moc_login.cpp
  moc_multyadd.cpp
  moc_searchbook.cpp
  moc_singleadd.cpp
  librarymanagement.cpp
  login.cpp
  main.cpp
  multyadd.cpp
  searchbook.cpp
  singleadd.cpp
  正在生成代码...
  qrc_librarymanagement.cpp
  library-management.vcxproj -> F:\libarary\library-management\x64\Release\library-management.exe
